[route] Route function called
[current_user] {'email': 'student1@library.com', 'role': 'student', 'student_id': 1, 'librarian_id': None, 'admin_id': None}
[result] (<Response 3 bytes [200 OK]>, 200)
[route] Route function called
[current_user] {'email': 'student1@library.com', 'role': 'student', 'student_id': 1, 'librarian_id': None, 'admin_id': None}
[result] (<Response 3 bytes [200 OK]>, 200)
[route] Route function called
[current_user] {'email': 'student1@library.com', 'role': 'student', 'student_id': 1, 'librarian_id': None, 'admin_id': None}
[result] (<Response 259 bytes [200 OK]>, 200)
[route] Route function called
[current_user] {'email': 'student1@library.com', 'role': 'student', 'student_id': 1, 'librarian_id': None, 'admin_id': None}
[result] (<Response 259 bytes [200 OK]>, 200)
[route] Route function called
[current_user] {'email': 'mojadopaulinealexa218@gmail.com', 'role': 'student', 'student_id': 10, 'librarian_id': None, 'admin_id': None}
[result] (<Response 3 bytes [200 OK]>, 200)
[route] Route function called
[current_user] {'email': 'student1@library.com', 'role': 'student', 'student_id': 1, 'librarian_id': None, 'admin_id': None}
[result] (<Response 259 bytes [200 OK]>, 200)
[route] Route function called
[current_user] {'email': 'student1@library.com', 'role': 'student', 'student_id': 1, 'librarian_id': None, 'admin_id': None}
[result] (<Response 3 bytes [200 OK]>, 200)
[route] Route function called
[current_user] {'email': 'student1@library.com', 'role': 'student', 'student_id': 1, 'librarian_id': None, 'admin_id': None}
[result] (<Response 3 bytes [200 OK]>, 200)
[route] Route function called
[current_user] {'email': 'nashmonteiro08@gmail.com', 'role': 'student', 'student_id': 12, 'librarian_id': None, 'admin_id': None}
[result] (<Response 3 bytes [200 OK]>, 200)
[route] Route function called
[current_user] {'email': 'nashmonteiro08@gmail.com', 'role': 'student', 'student_id': 12, 'librarian_id': None, 'admin_id': None}
[result] (<Response 3 bytes [200 OK]>, 200)
[route] Route function called
[current_user] {'email': 'nashmonteiro08@gmail.com', 'role': 'student', 'student_id': 12, 'librarian_id': None, 'admin_id': None}
[result] (<Response 3 bytes [200 OK]>, 200)
[route] Route function called
[current_user] {'email': 'nashmonteiro08@gmail.com', 'role': 'student', 'student_id': 12, 'librarian_id': None, 'admin_id': None}
[result] (<Response 3 bytes [200 OK]>, 200)
[route] Route function called
[current_user] {'email': 'nashmonteiro08@gmail.com', 'role': 'student', 'student_id': 12, 'librarian_id': None, 'admin_id': None}
[result] (<Response 3 bytes [200 OK]>, 200)
[route] Route function called
[current_user] {'email': 'nashmonteiro08@gmail.com', 'role': 'student', 'student_id': 12, 'librarian_id': None, 'admin_id': None}
[result] (<Response 3 bytes [200 OK]>, 200)
[route] Route function called
[current_user] {'email': 'nashmonteiro08@gmail.com', 'role': 'student', 'student_id': 12, 'librarian_id': None, 'admin_id': None}
[result] (<Response 3 bytes [200 OK]>, 200)
[route] Route function called
[current_user] {'email': 'nashmonteiro08@gmail.com', 'role': 'student', 'student_id': 12, 'librarian_id': None, 'admin_id': None}
[result] (<Response 3 bytes [200 OK]>, 200)
[route] Route function called
[current_user] {'email': 'nashmonteiro08@gmail.com', 'role': 'student', 'student_id': 12, 'librarian_id': None, 'admin_id': None}
[result] (<Response 3 bytes [200 OK]>, 200)
[route] Route function called
[current_user] {'email': 'nashmonteiro08@gmail.com', 'role': 'student', 'student_id': 12, 'librarian_id': None, 'admin_id': None}
[result] (<Response 3 bytes [200 OK]>, 200)
[route] Route function called
[current_user] {'email': 'nashmonteiro08@gmail.com', 'role': 'student', 'student_id': 12, 'librarian_id': None, 'admin_id': None}
[result] (<Response 3 bytes [200 OK]>, 200)
[route] Route function called
[current_user] {'email': 'nashmonteiro08@gmail.com', 'role': 'student', 'student_id': 12, 'librarian_id': None, 'admin_id': None}
[result] (<Response 3 bytes [200 OK]>, 200)
[route] Route function called
[current_user] {'email': 'nashmonteiro08@gmail.com', 'role': 'student', 'student_id': 12, 'librarian_id': None, 'admin_id': None}
[result] (<Response 3 bytes [200 OK]>, 200)
[route] Route function called
[current_user] {'email': 'nashmonteiro08@gmail.com', 'role': 'student', 'student_id': 12, 'librarian_id': None, 'admin_id': None}
[result] (<Response 3 bytes [200 OK]>, 200)
[route] Route function called
[current_user] {'email': 'nashmonteiro08@gmail.com', 'role': 'student', 'student_id': 12, 'librarian_id': None, 'admin_id': None}
[result] (<Response 3 bytes [200 OK]>, 200)
[route] Route function called
[current_user] {'email': 'nashmonteiro08@gmail.com', 'role': 'student', 'student_id': 12, 'librarian_id': None, 'admin_id': None}
[result] (<Response 3 bytes [200 OK]>, 200)
[route] Route function called
[current_user] {'email': 'nashmonteiro08@gmail.com', 'role': 'student', 'student_id': 12, 'librarian_id': None, 'admin_id': None}
[result] (<Response 3 bytes [200 OK]>, 200)
[route] Route function called
[current_user] {'email': 'nashmonteiro08@gmail.com', 'role': 'student', 'student_id': 12, 'librarian_id': None, 'admin_id': None}
[result] (<Response 3 bytes [200 OK]>, 200)
[route] Route function called
[current_user] {'email': 'nashmonteiro08@gmail.com', 'role': 'student', 'student_id': 12, 'librarian_id': None, 'admin_id': None}
[result] (<Response 3 bytes [200 OK]>, 200)
[route] Route function called
[current_user] {'email': 'nashmonteiro08@gmail.com', 'role': 'student', 'student_id': 12, 'librarian_id': None, 'admin_id': None}
[result] (<Response 3 bytes [200 OK]>, 200)
[route] Route function called
[current_user] {'email': 'mojadopaulinealexa218@gmail.com', 'role': 'student', 'student_id': 11, 'librarian_id': None, 'admin_id': None}
[result] (<Response 3 bytes [200 OK]>, 200)
[route] Route function called
[current_user] {'email': 'mojadopaulinealexa218@gmail.com', 'role': 'student', 'student_id': 11, 'librarian_id': None, 'admin_id': None}
[result] (<Response 3 bytes [200 OK]>, 200)
[route] Route function called
[current_user] {'email': 'mojadopaulinealexa218@gmail.com', 'role': 'student', 'student_id': 11, 'librarian_id': None, 'admin_id': None}
[result] (<Response 3 bytes [200 OK]>, 200)
[route] Route function called
[current_user] {'email': 'mojadopaulinealexa218@gmail.com', 'role': 'student', 'student_id': 11, 'librarian_id': None, 'admin_id': None}
[result] (<Response 3 bytes [200 OK]>, 200)
[route] Route function called
[current_user] {'email': 'mojadopaulinealexa218@gmail.com', 'role': 'student', 'student_id': 11, 'librarian_id': None, 'admin_id': None}
[result] (<Response 3 bytes [200 OK]>, 200)
[route] Route function called
[current_user] {'email': 'mojadopaulinealexa218@gmail.com', 'role': 'student', 'student_id': 11, 'librarian_id': None, 'admin_id': None}
[result] (<Response 3 bytes [200 OK]>, 200)
[route] Route function called
[current_user] {'email': 'mojadopaulinealexa218@gmail.com', 'role': 'student', 'student_id': 11, 'librarian_id': None, 'admin_id': None}
[result] (<Response 3 bytes [200 OK]>, 200)
[route] Route function called
[current_user] {'email': 'mojadopaulinealexa218@gmail.com', 'role': 'student', 'student_id': 11, 'librarian_id': None, 'admin_id': None}
[result] (<Response 3 bytes [200 OK]>, 200)
[route] Route function called
[current_user] {'email': 'mojadopaulinealexa218@gmail.com', 'role': 'student', 'student_id': 11, 'librarian_id': None, 'admin_id': None}
[result] (<Response 3 bytes [200 OK]>, 200)
[route] Route function called
[current_user] {'email': 'mojadopaulinealexa218@gmail.com', 'role': 'student', 'student_id': 11, 'librarian_id': None, 'admin_id': None}
[result] (<Response 332 bytes [200 OK]>, 200)
[route] Route function called
[current_user] {'email': 'mojadopaulinealexa218@gmail.com', 'role': 'student', 'student_id': 11, 'librarian_id': None, 'admin_id': None}
[result] (<Response 342 bytes [200 OK]>, 200)
[route] Route function called
[current_user] {'email': 'mojadopaulinealexa218@gmail.com', 'role': 'student', 'student_id': 11, 'librarian_id': None, 'admin_id': None}
[result] (<Response 672 bytes [200 OK]>, 200)
[route] Route function called
[current_user] {'email': 'mojadopaulinealexa218@gmail.com', 'role': 'student', 'student_id': 11, 'librarian_id': None, 'admin_id': None}
[result] (<Response 682 bytes [200 OK]>, 200)
[route] Route function called
[current_user] {'email': 'mojadopaulinealexa218@gmail.com', 'role': 'student', 'student_id': 11, 'librarian_id': None, 'admin_id': None}
[result] (<Response 682 bytes [200 OK]>, 200)
[route] Route function called
[current_user] {'email': 'mojadopaulinealexa218@gmail.com', 'role': 'student', 'student_id': 11, 'librarian_id': None, 'admin_id': None}
[result] (<Response 682 bytes [200 OK]>, 200)
[route] Route function called
[current_user] {'email': 'mojadopaulinealexa218@gmail.com', 'role': 'student', 'student_id': 11, 'librarian_id': None, 'admin_id': None}
[result] (<Response 682 bytes [200 OK]>, 200)
[route] Route function called
[current_user] {'email': 'mojadopaulinealexa218@gmail.com', 'role': 'student', 'student_id': 11, 'librarian_id': None, 'admin_id': None}
[result] (<Response 682 bytes [200 OK]>, 200)
[route] Route function called
[current_user] {'email': 'mojadopaulinealexa218@gmail.com', 'role': 'student', 'student_id': 11, 'librarian_id': None, 'admin_id': None}
[result] (<Response 682 bytes [200 OK]>, 200)
[route] Route function called
[current_user] {'email': 'mojadopaulinealexa218@gmail.com', 'role': 'student', 'student_id': 11, 'librarian_id': None, 'admin_id': None}
[result] (<Response 682 bytes [200 OK]>, 200)
[route] Route function called
[current_user] {'email': 'mojadopaulinealexa218@gmail.com', 'role': 'student', 'student_id': 11, 'librarian_id': None, 'admin_id': None}
[result] (<Response 682 bytes [200 OK]>, 200)
[route] Route function called
[current_user] {'email': 'mojadopaulinealexa218@gmail.com', 'role': 'student', 'student_id': 11, 'librarian_id': None, 'admin_id': None}
[result] (<Response 682 bytes [200 OK]>, 200)
[route] Route function called
[current_user] {'email': 'mojadopaulinealexa218@gmail.com', 'role': 'student', 'student_id': 11, 'librarian_id': None, 'admin_id': None}
[result] (<Response 682 bytes [200 OK]>, 200)
[route] Route function called
[current_user] {'email': 'mojadopaulinealexa218@gmail.com', 'role': 'student', 'student_id': 11, 'librarian_id': None, 'admin_id': None}
[result] (<Response 682 bytes [200 OK]>, 200)
[route] Route function called
[current_user] {'email': 'mojadopaulinealexa218@gmail.com', 'role': 'student', 'student_id': 11, 'librarian_id': None, 'admin_id': None}
[result] (<Response 682 bytes [200 OK]>, 200)
[route] Route function called
[current_user] {'email': 'mojadopaulinealexa218@gmail.com', 'role': 'student', 'student_id': 11, 'librarian_id': None, 'admin_id': None}
[result] (<Response 682 bytes [200 OK]>, 200)
[route] Route function called
[current_user] {'email': 'mojadopaulinealexa218@gmail.com', 'role': 'student', 'student_id': 11, 'librarian_id': None, 'admin_id': None}
[result] (<Response 682 bytes [200 OK]>, 200)
[route] Route function called
[current_user] {'email': 'mojadopaulinealexa218@gmail.com', 'role': 'student', 'student_id': 11, 'librarian_id': None, 'admin_id': None}
[result] (<Response 682 bytes [200 OK]>, 200)
[route] Route function called
[current_user] {'email': 'mojadopaulinealexa218@gmail.com', 'role': 'student', 'student_id': 11, 'librarian_id': None, 'admin_id': None}
[result] (<Response 682 bytes [200 OK]>, 200)
[route] Route function called
[current_user] {'email': 'mojadopaulinealexa218@gmail.com', 'role': 'student', 'student_id': 11, 'librarian_id': None, 'admin_id': None}
[result] (<Response 682 bytes [200 OK]>, 200)
[route] Route function called
[current_user] {'email': 'mojadopaulinealexa218@gmail.com', 'role': 'student', 'student_id': 11, 'librarian_id': None, 'admin_id': None}
[result] (<Response 682 bytes [200 OK]>, 200)
[route] Route function called
[current_user] {'email': 'mojadopaulinealexa218@gmail.com', 'role': 'student', 'student_id': 11, 'librarian_id': None, 'admin_id': None}
[result] (<Response 682 bytes [200 OK]>, 200)
[route] Route function called
[current_user] {'email': 'mojadopaulinealexa218@gmail.com', 'role': 'student', 'student_id': 11, 'librarian_id': None, 'admin_id': None}
[result] (<Response 682 bytes [200 OK]>, 200)
[route] Route function called
[current_user] {'email': 'student1@library.com', 'role': 'student', 'student_id': 1, 'librarian_id': None, 'admin_id': None}
[result] (<Response 361 bytes [200 OK]>, 200)
[route] Route function called
[current_user] {'email': 'mojadopaulinealexa218@gmail.com', 'role': 'student', 'student_id': 11, 'librarian_id': None, 'admin_id': None}
[result] (<Response 752 bytes [200 OK]>, 200)
[route] Route function called
[current_user] {'email': 'mojadopaulinealexa218@gmail.com', 'role': 'student', 'student_id': 11, 'librarian_id': None, 'admin_id': None}
[result] (<Response 752 bytes [200 OK]>, 200)
[route] Route function called
[current_user] {'email': 'mojadopaulinealexa218@gmail.com', 'role': 'student', 'student_id': 11, 'librarian_id': None, 'admin_id': None}
[result] (<Response 1159 bytes [200 OK]>, 200)
[route] Route function called
[current_user] {'email': 'mojadopaulinealexa218@gmail.com', 'role': 'student', 'student_id': 11, 'librarian_id': None, 'admin_id': None}
[result] (<Response 1169 bytes [200 OK]>, 200)
[route] Route function called
[current_user] {'email': 'mojadopaulinealexa218@gmail.com', 'role': 'student', 'student_id': 11, 'librarian_id': None, 'admin_id': None}
[result] (<Response 1169 bytes [200 OK]>, 200)
[route] Route function called
[current_user] {'email': 'mojadopaulinealexa218@gmail.com', 'role': 'student', 'student_id': 11, 'librarian_id': None, 'admin_id': None}
[result] (<Response 1169 bytes [200 OK]>, 200)
[route] Route function called
[current_user] {'email': 'mojadopaulinealexa218@gmail.com', 'role': 'student', 'student_id': 11, 'librarian_id': None, 'admin_id': None}
[result] (<Response 1169 bytes [200 OK]>, 200)
[route] Route function called
[current_user] {'email': 'mojadopaulinealexa218@gmail.com', 'role': 'student', 'student_id': 11, 'librarian_id': None, 'admin_id': None}
[result] (<Response 1169 bytes [200 OK]>, 200)
[route] Route function called
[current_user] {'email': 'mojadopaulinealexa218@gmail.com', 'role': 'student', 'student_id': 11, 'librarian_id': None, 'admin_id': None}
[result] (<Response 1169 bytes [200 OK]>, 200)
[route] Route function called
[current_user] {'email': 'mojadopaulinealexa218@gmail.com', 'role': 'student', 'student_id': 11, 'librarian_id': None, 'admin_id': None}
[result] (<Response 1576 bytes [200 OK]>, 200)
